============================= test session starts =============================
platform win32 -- Python 3.13.3, pytest-8.4.2, pluggy-1.6.0
rootdir: C:\Users\raiss\OneDrive\Documentos\OnBoardingDigital\Onboarding-Digital\backend
plugins: anyio-4.14.0
collected 47 items

tests\test_auditoria_integracao.py ........                              [ 17%]
tests\test_documentos_download.py ......                                 [ 29%]
tests\test_documentos_routes.py ...                                      [ 36%]
tests\test_documentos_status.py .......                                  [ 51%]
tests\test_health.py ..                                                  [ 55%]
tests\test_registration_requests_routes.py .....                         [ 65%]
tests\test_rh_dashboard_routes.py .......                                [ 80%]
tests\test_storage_service.py ......                                     [ 93%]
tests\test_usuarios_perfil.py ...                                        [100%]

============================== warnings summary ===============================
..\..\..\..\..\AppData\Local\Programs\Python\Python313\Lib\site-packages\fastapi\testclient.py:1
  C:\Users\raiss\AppData\Local\Programs\Python\Python313\Lib\site-packages\fastapi\testclient.py:1: StarletteDeprecationWarning: Using `httpx` with `starlette.testclient` is deprecated; install `httpx2` instead.
    from starlette.testclient import TestClient as TestClient  # noqa

tests/test_auditoria_integracao.py::test_approved_registration_is_audited
tests/test_registration_requests_routes.py::test_public_registration_and_rh_approval_send_credentials
tests/test_registration_requests_routes.py::test_approval_rolls_back_when_email_delivery_fails
tests/test_registration_requests_routes.py::test_rh_can_reject_registration_request
  C:\Users\raiss\AppData\Local\Programs\Python\Python313\Lib\site-packages\sqlalchemy\sql\schema.py:3623: DeprecationWarning: datetime.datetime.utcnow() is deprecated and scheduled for removal in a future version. Use timezone-aware objects to represent datetimes in UTC: datetime.datetime.now(datetime.UTC).
    return util.wrap_callable(lambda ctx: fn(), fn)  # type: ignore

tests/test_auditoria_integracao.py::test_approved_registration_is_audited
tests/test_registration_requests_routes.py::test_public_registration_and_rh_approval_send_credentials
tests/test_registration_requests_routes.py::test_approval_rolls_back_when_email_delivery_fails
  C:\Users\raiss\OneDrive\Documentos\OnBoardingDigital\Onboarding-Digital\backend\app\services\user_service.py:158: DeprecationWarning: datetime.datetime.utcnow() is deprecated and scheduled for removal in a future version. Use timezone-aware objects to represent datetimes in UTC: datetime.datetime.now(datetime.UTC).
    request.avaliadoEm = datetime.utcnow()

tests/test_registration_requests_routes.py::test_rh_can_reject_registration_request
  C:\Users\raiss\OneDrive\Documentos\OnBoardingDigital\Onboarding-Digital\backend\app\services\user_service.py:198: DeprecationWarning: datetime.datetime.utcnow() is deprecated and scheduled for removal in a future version. Use timezone-aware objects to represent datetimes in UTC: datetime.datetime.now(datetime.UTC).
    request.avaliadoEm = datetime.utcnow()

-- Docs: https://docs.pytest.org/en/stable/how-to/capture-warnings.html
======================= 47 passed, 9 warnings in 3.58s ========================
